SF:lib/app/domain/repositories/auth_repository.dart
DA:6,0
DA:7,0
LF:2
LH:0
end_of_record
SF:lib/app/domain/repositories/prefs_repository.dart
DA:5,3
DA:6,1
DA:7,3
LF:3
LH:3
end_of_record
SF:lib/app/my_app.dart
DA:16,1
DA:18,0
DA:20,0
DA:21,0
DA:22,0
DA:23,0
DA:24,0
DA:26,0
DA:32,0
DA:34,0
DA:43,0
DA:45,0
DA:56,2
DA:58,1
DA:59,1
DA:63,1
DA:65,0
DA:67,2
DA:68,1
DA:71,3
DA:72,0
LF:21
LH:8
end_of_record
SF:lib/app/presentation/shared/controllers/session_controller.dart
DA:6,0
DA:7,0
DA:8,0
DA:10,0
DA:15,0
DA:19,0
DA:20,0
DA:23,0
DA:24,0
DA:27,0
DA:31,0
DA:32,0
DA:33,0
LF:13
LH:0
end_of_record
SF:lib/app/core/constants/assets.dart
DA:2,0
LF:1
LH:0
end_of_record
SF:lib/app/core/constants/colors.dart
DA:4,0
LF:1
LH:0
end_of_record
SF:lib/app/core/constants/global.dart
DA:2,0
LF:1
LH:0
end_of_record
SF:lib/app/core/providers.dart
DA:5,3
DA:6,2
DA:9,0
DA:10,0
LF:4
LH:2
end_of_record
SF:lib/app/core/utils/extensions/num_to_sizedbox.dart
DA:4,0
DA:5,0
DA:7,0
DA:8,0
DA:13,0
DA:16,0
LF:6
LH:0
end_of_record
SF:lib/app/core/utils/failure/failure.dart
DA:4,0
DA:6,0
DA:7,0
DA:13,0
DA:18,0
DA:19,0
LF:6
LH:0
end_of_record
SF:lib/app/data/repositories_impl/auth_repository_impl.dart
DA:11,0
DA:15,0
DA:16,0
DA:20,0
DA:24,0
DA:25,0
DA:26,0
DA:31,0
DA:35,0
DA:38,0
LF:10
LH:0
end_of_record
SF:lib/app/domain/models/user_model.dart
DA:7,0
DA:14,0
DA:20,0
DA:21,0
DA:22,0
DA:23,0
DA:24,0
DA:27,0
DA:28,0
DA:29,0
DA:30,0
DA:31,0
DA:34,0
DA:35,0
DA:36,0
DA:37,0
DA:38,0
LF:17
LH:0
end_of_record
SF:lib/app/data/repositories_impl/prefs_repository_impl.dart
DA:7,0
DA:11,0
DA:13,0
DA:15,0
DA:17,0
DA:18,0
LF:6
LH:0
end_of_record
SF:lib/app/domain/use_cases/log_out_use_case.dart
DA:5,0
DA:6,0
DA:7,0
DA:14,0
DA:15,0
DA:16,0
LF:6
LH:0
end_of_record
SF:lib/app/domain/use_cases/login_use_case.dart
DA:7,0
DA:8,0
DA:9,0
DA:16,0
DA:17,0
DA:18,0
LF:6
LH:0
end_of_record
SF:lib/app/presentation/shared/widgets/error_info_widget.dart
DA:6,1
DA:17,0
DA:19,0
DA:20,0
DA:22,0
DA:24,0
DA:25,0
DA:26,0
DA:28,0
DA:31,0
DA:32,0
DA:33,0
DA:34,0
DA:35,0
LF:14
LH:1
end_of_record
SF:lib/main.dart
DA:8,0
DA:9,0
DA:10,0
DA:11,0
DA:12,0
DA:13,0
DA:20,0
DA:21,0
DA:22,0
DA:23,0
DA:24,0
DA:25,0
DA:28,0
DA:29,0
LF:14
LH:0
end_of_record
SF:lib/app/presentation/shared/widgets/loading_widget.dart
DA:4,1
DA:13,0
DA:15,0
DA:16,0
DA:20,0
DA:21,0
DA:22,0
DA:24,0
DA:25,0
DA:27,0
DA:29,0
LF:11
LH:1
end_of_record
SF:lib/app/presentation/modules/splash/splash_view.dart
DA:7,1
DA:16,0
DA:18,0
DA:19,0
DA:20,0
DA:22,0
DA:23,0
DA:24,0
DA:25,0
DA:27,0
DA:28,0
DA:29,0
DA:32,0
DA:33,0
DA:34,0
DA:35,0
LF:16
LH:1
end_of_record
SF:lib/app/presentation/routes/router.dart
DA:15,0
DA:16,0
DA:19,0
DA:20,0
DA:21,0
DA:22,0
DA:23,0
DA:24,0
DA:25,0
DA:26,0
DA:27,0
DA:35,0
DA:36,0
DA:39,0
DA:41,0
DA:44,0
DA:46,0
DA:49,0
DA:51,0
DA:54,0
DA:57,0
DA:58,0
DA:59,0
DA:64,0
DA:68,0
DA:69,0
LF:26
LH:0
end_of_record
SF:lib/app/presentation/shared/controllers/theme_controller.dart
DA:5,3
DA:6,1
DA:7,2
DA:12,0
DA:15,0
DA:21,0
DA:23,0
DA:24,0
DA:25,0
DA:26,0
LF:10
LH:3
end_of_record
SF:lib/app/presentation/shared/theme.dart
DA:5,0
DA:6,0
DA:10,0
DA:24,0
DA:25,0
DA:28,0
DA:30,0
DA:32,0
DA:51,0
DA:54,0
DA:55,0
DA:60,0
DA:61,0
DA:66,0
DA:67,0
DA:72,0
DA:73,0
DA:78,0
DA:79,0
DA:84,0
DA:90,0
DA:98,0
DA:100,0
DA:107,0
DA:108,0
DA:116,0
DA:129,0
DA:131,0
DA:132,0
DA:133,0
DA:139,0
DA:141,0
DA:142,0
DA:145,0
DA:149,0
DA:150,0
DA:152,0
DA:153,0
DA:157,0
DA:158,0
DA:177,0
DA:178,0
DA:192,0
DA:193,0
DA:194,0
DA:195,0
DA:202,0
DA:203,0
DA:204,0
DA:217,0
DA:231,0
DA:232,0
DA:235,0
DA:236,0
DA:243,0
DA:245,0
DA:247,0
DA:270,0
DA:273,0
DA:274,0
DA:279,0
DA:280,0
DA:289,0
DA:290,0
DA:295,0
DA:296,0
DA:306,0
DA:307,0
DA:312,0
DA:313,0
DA:318,0
DA:324,0
DA:332,0
DA:334,0
DA:335,0
DA:343,0
DA:345,0
DA:346,0
DA:347,0
DA:348,0
DA:351,0
DA:352,0
DA:353,0
DA:356,0
DA:357,0
DA:358,0
DA:362,0
DA:364,0
DA:365,0
DA:366,0
DA:372,0
DA:373,0
DA:374,0
DA:375,0
DA:378,0
DA:379,0
DA:380,0
DA:383,0
DA:384,0
DA:385,0
DA:388,0
DA:389,0
DA:391,0
DA:392,0
DA:396,0
DA:397,0
DA:416,0
DA:417,0
DA:432,0
DA:435,0
DA:437,0
DA:438,0
DA:439,0
DA:440,0
DA:447,0
DA:448,0
DA:449,0
LF:117
LH:0
end_of_record
SF:lib/app/presentation/modules/home/home_view.dart
DA:6,1
DA:10,0
DA:11,0
DA:15,0
DA:17,0
DA:18,0
DA:21,0
DA:22,0
DA:23,0
DA:24,0
LF:10
LH:1
end_of_record
SF:lib/app/presentation/modules/profile/profile_view.dart
DA:4,1
DA:8,0
LF:2
LH:1
end_of_record
SF:lib/app/presentation/modules/sign-in/sign_in_controller.dart
DA:7,0
DA:8,0
DA:9,0
DA:10,0
DA:11,0
DA:19,0
DA:22,0
DA:26,0
DA:27,0
DA:29,0
DA:34,0
DA:35,0
DA:36,0
DA:38,0
DA:39,0
DA:40,0
LF:16
LH:0
end_of_record
SF:lib/app/presentation/modules/sign-in/sign_in_view.dart
DA:6,1
DA:10,0
DA:12,0
DA:13,0
DA:14,0
DA:17,0
DA:18,0
DA:20,0
DA:21,0
LF:9
LH:1
end_of_record
